<?xml version="1.0" encoding="UTF-8"?>
<coverage generated="1774285090600" clover="3.2.0">
  <project timestamp="1774285090601" name="All files">
    <metrics statements="71" coveredstatements="67" conditionals="44" coveredconditionals="29" methods="16" coveredmethods="14" elements="131" coveredelements="110" complexity="0" loc="71" ncloc="71" packages="3" files="7" classes="7"/>
    <package name="src">
      <metrics statements="12" coveredstatements="8" conditionals="14" coveredconditionals="6" methods="4" coveredmethods="2"/>
      <file name="Methods.ts" path="/Users/robertsasu/RustProjects/agentic-payments/mppx-multiversx/src/Methods.ts">
        <metrics statements="12" coveredstatements="8" conditionals="14" coveredconditionals="6" methods="4" coveredmethods="2"/>
        <line num="8" count="6" type="cond" truecount="2" falsecount="0"/>
        <line num="9" count="6" type="stmt"/>
        <line num="10" count="6" type="stmt"/>
        <line num="25" count="7" type="stmt"/>
        <line num="48" count="6" type="cond" truecount="2" falsecount="0"/>
        <line num="49" count="6" type="stmt"/>
        <line num="64" count="7" type="stmt"/>
        <line num="88" count="0" type="cond" truecount="0" falsecount="2"/>
        <line num="89" count="0" type="stmt"/>
        <line num="105" count="7" type="stmt"/>
        <line num="129" count="0" type="cond" truecount="0" falsecount="2"/>
        <line num="130" count="0" type="stmt"/>
      </file>
    </package>
    <package name="src.client">
      <metrics statements="29" coveredstatements="29" conditionals="6" coveredconditionals="6" methods="6" coveredmethods="6"/>
      <file name="Charge.ts" path="/Users/robertsasu/RustProjects/agentic-payments/mppx-multiversx/src/client/Charge.ts">
        <metrics statements="9" coveredstatements="9" conditionals="2" coveredconditionals="2" methods="2" coveredmethods="2"/>
        <line num="24" count="3" type="stmt"/>
        <line num="26" count="3" type="stmt"/>
        <line num="32" count="3" type="stmt"/>
        <line num="33" count="3" type="stmt"/>
        <line num="34" count="3" type="stmt"/>
        <line num="35" count="3" type="stmt"/>
        <line num="36" count="3" type="stmt"/>
        <line num="38" count="3" type="stmt"/>
        <line num="47" count="3" type="stmt"/>
      </file>
      <file name="Session.ts" path="/Users/robertsasu/RustProjects/agentic-payments/mppx-multiversx/src/client/Session.ts">
        <metrics statements="10" coveredstatements="10" conditionals="2" coveredconditionals="2" methods="2" coveredmethods="2"/>
        <line num="5" count="2" type="stmt"/>
        <line num="7" count="2" type="stmt"/>
        <line num="13" count="2" type="stmt"/>
        <line num="14" count="2" type="stmt"/>
        <line num="15" count="2" type="stmt"/>
        <line num="16" count="2" type="stmt"/>
        <line num="17" count="2" type="stmt"/>
        <line num="18" count="2" type="stmt"/>
        <line num="20" count="2" type="stmt"/>
        <line num="30" count="2" type="stmt"/>
      </file>
      <file name="Subscription.ts" path="/Users/robertsasu/RustProjects/agentic-payments/mppx-multiversx/src/client/Subscription.ts">
        <metrics statements="10" coveredstatements="10" conditionals="2" coveredconditionals="2" methods="2" coveredmethods="2"/>
        <line num="5" count="2" type="stmt"/>
        <line num="7" count="2" type="stmt"/>
        <line num="13" count="2" type="stmt"/>
        <line num="14" count="2" type="stmt"/>
        <line num="15" count="2" type="stmt"/>
        <line num="16" count="2" type="stmt"/>
        <line num="17" count="2" type="stmt"/>
        <line num="18" count="2" type="stmt"/>
        <line num="20" count="2" type="stmt"/>
        <line num="30" count="2" type="stmt"/>
      </file>
    </package>
    <package name="src.server">
      <metrics statements="30" coveredstatements="30" conditionals="24" coveredconditionals="17" methods="6" coveredmethods="6"/>
      <file name="Charge.ts" path="/Users/robertsasu/RustProjects/agentic-payments/mppx-multiversx/src/server/Charge.ts">
        <metrics statements="10" coveredstatements="10" conditionals="8" coveredconditionals="7" methods="2" coveredmethods="2"/>
        <line num="27" count="5" type="stmt"/>
        <line num="30" count="5" type="stmt"/>
        <line num="42" count="5" type="stmt"/>
        <line num="43" count="5" type="stmt"/>
        <line num="44" count="5" type="cond" truecount="2" falsecount="0"/>
        <line num="45" count="4" type="stmt"/>
        <line num="51" count="4" type="stmt"/>
        <line num="62" count="4" type="cond" truecount="2" falsecount="0"/>
        <line num="63" count="2" type="stmt"/>
        <line num="68" count="2" type="stmt"/>
      </file>
      <file name="Session.ts" path="/Users/robertsasu/RustProjects/agentic-payments/mppx-multiversx/src/server/Session.ts">
        <metrics statements="10" coveredstatements="10" conditionals="8" coveredconditionals="5" methods="2" coveredmethods="2"/>
        <line num="6" count="3" type="stmt"/>
        <line num="9" count="3" type="stmt"/>
        <line num="22" count="3" type="stmt"/>
        <line num="23" count="3" type="stmt"/>
        <line num="24" count="3" type="cond" truecount="1" falsecount="1"/>
        <line num="25" count="3" type="stmt"/>
        <line num="31" count="3" type="stmt"/>
        <line num="43" count="3" type="cond" truecount="2" falsecount="0"/>
        <line num="44" count="2" type="stmt"/>
        <line num="49" count="1" type="stmt"/>
      </file>
      <file name="Subscription.ts" path="/Users/robertsasu/RustProjects/agentic-payments/mppx-multiversx/src/server/Subscription.ts">
        <metrics statements="10" coveredstatements="10" conditionals="8" coveredconditionals="5" methods="2" coveredmethods="2"/>
        <line num="6" count="3" type="stmt"/>
        <line num="9" count="3" type="stmt"/>
        <line num="22" count="3" type="stmt"/>
        <line num="23" count="3" type="stmt"/>
        <line num="24" count="3" type="cond" truecount="1" falsecount="1"/>
        <line num="25" count="3" type="stmt"/>
        <line num="31" count="3" type="stmt"/>
        <line num="43" count="3" type="cond" truecount="2" falsecount="0"/>
        <line num="44" count="2" type="stmt"/>
        <line num="49" count="1" type="stmt"/>
      </file>
    </package>
  </project>
</coverage>
