{"/Users/robertsasu/RustProjects/agentic-payments/mppx-multiversx/src/Methods.ts": {"path":"/Users/robertsasu/RustProjects/agentic-payments/mppx-multiversx/src/Methods.ts","statementMap":{"0":{"start":{"line":8,"column":39},"end":{"line":8,"column":56}},"1":{"start":{"line":9,"column":25},"end":{"line":9,"column":74}},"2":{"start":{"line":10,"column":2},"end":{"line":10,"column":null}},"3":{"start":{"line":25,"column":22},"end":{"line":62,"column":2}},"4":{"start":{"line":48,"column":86},"end":{"line":48,"column":null}},"5":{"start":{"line":49,"column":8},"end":{"line":58,"column":null}},"6":{"start":{"line":64,"column":23},"end":{"line":103,"column":2}},"7":{"start":{"line":88,"column":96},"end":{"line":88,"column":null}},"8":{"start":{"line":89,"column":8},"end":{"line":99,"column":null}},"9":{"start":{"line":105,"column":28},"end":{"line":144,"column":2}},"10":{"start":{"line":129,"column":96},"end":{"line":129,"column":null}},"11":{"start":{"line":130,"column":8},"end":{"line":140,"column":null}}},"fnMap":{"0":{"name":"parseUnits","decl":{"start":{"line":7,"column":9},"end":{"line":7,"column":20}},"loc":{"start":{"line":7,"column":62},"end":{"line":10,"column":null}},"line":7},"1":{"name":"(anonymous_1)","decl":{"start":{"line":47,"column":8},"end":{"line":47,"column":19}},"loc":{"start":{"line":47,"column":33},"end":{"line":59,"column":null}},"line":47},"2":{"name":"(anonymous_2)","decl":{"start":{"line":87,"column":8},"end":{"line":87,"column":19}},"loc":{"start":{"line":87,"column":33},"end":{"line":100,"column":null}},"line":87},"3":{"name":"(anonymous_3)","decl":{"start":{"line":128,"column":8},"end":{"line":128,"column":19}},"loc":{"start":{"line":128,"column":33},"end":{"line":141,"column":null}},"line":128}},"branchMap":{"0":{"loc":{"start":{"line":8,"column":9},"end":{"line":8,"column":22}},"type":"default-arg","locations":[{"start":{"line":8,"column":17},"end":{"line":8,"column":22}}],"line":8},"1":{"loc":{"start":{"line":8,"column":22},"end":{"line":8,"column":39}},"type":"default-arg","locations":[{"start":{"line":8,"column":33},"end":{"line":8,"column":39}}],"line":8},"2":{"loc":{"start":{"line":48,"column":24},"end":{"line":48,"column":39}},"type":"default-arg","locations":[{"start":{"line":48,"column":35},"end":{"line":48,"column":39}}],"line":48},"3":{"loc":{"start":{"line":48,"column":49},"end":{"line":48,"column":64}},"type":"default-arg","locations":[{"start":{"line":48,"column":59},"end":{"line":48,"column":64}}],"line":48},"4":{"loc":{"start":{"line":56,"column":16},"end":{"line":56,"column":null}},"type":"binary-expr","locations":[{"start":{"line":56,"column":16},"end":{"line":56,"column":42}},{"start":{"line":56,"column":42},"end":{"line":56,"column":null}}],"line":56},"5":{"loc":{"start":{"line":88,"column":24},"end":{"line":88,"column":39}},"type":"default-arg","locations":[{"start":{"line":88,"column":35},"end":{"line":88,"column":39}}],"line":88},"6":{"loc":{"start":{"line":88,"column":49},"end":{"line":88,"column":64}},"type":"default-arg","locations":[{"start":{"line":88,"column":59},"end":{"line":88,"column":64}}],"line":88},"7":{"loc":{"start":{"line":97,"column":16},"end":{"line":97,"column":null}},"type":"binary-expr","locations":[{"start":{"line":97,"column":16},"end":{"line":97,"column":42}},{"start":{"line":97,"column":42},"end":{"line":97,"column":null}}],"line":97},"8":{"loc":{"start":{"line":129,"column":24},"end":{"line":129,"column":39}},"type":"default-arg","locations":[{"start":{"line":129,"column":35},"end":{"line":129,"column":39}}],"line":129},"9":{"loc":{"start":{"line":129,"column":49},"end":{"line":129,"column":64}},"type":"default-arg","locations":[{"start":{"line":129,"column":59},"end":{"line":129,"column":64}}],"line":129},"10":{"loc":{"start":{"line":138,"column":16},"end":{"line":138,"column":null}},"type":"binary-expr","locations":[{"start":{"line":138,"column":16},"end":{"line":138,"column":42}},{"start":{"line":138,"column":42},"end":{"line":138,"column":null}}],"line":138}},"s":{"0":6,"1":6,"2":6,"3":7,"4":6,"5":6,"6":7,"7":0,"8":0,"9":7,"10":0,"11":0},"f":{"0":6,"1":6,"2":0,"3":0},"b":{"0":[6],"1":[6],"2":[6],"3":[6],"4":[6,1],"5":[0],"6":[0],"7":[0,0],"8":[0],"9":[0],"10":[0,0]},"meta":{"lastBranch":11,"lastFunction":4,"lastStatement":12,"seen":{"f:7:9:7:20":0,"s:8:39:8:56":0,"b:8:17:8:22":0,"b:8:33:8:39":1,"s:9:25:9:74":1,"s:10:2:10:Infinity":2,"s:25:22:62:2":3,"f:47:8:47:19":1,"s:48:86:48:Infinity":4,"b:48:35:48:39":2,"b:48:59:48:64":3,"s:49:8:58:Infinity":5,"b:56:16:56:42:56:42:56:Infinity":4,"s:64:23:103:2":6,"f:87:8:87:19":2,"s:88:96:88:Infinity":7,"b:88:35:88:39":5,"b:88:59:88:64":6,"s:89:8:99:Infinity":8,"b:97:16:97:42:97:42:97:Infinity":7,"s:105:28:144:2":9,"f:128:8:128:19":3,"s:129:96:129:Infinity":10,"b:129:35:129:39":8,"b:129:59:129:64":9,"s:130:8:140:Infinity":11,"b:138:16:138:42:138:42:138:Infinity":10}}}
,"/Users/robertsasu/RustProjects/agentic-payments/mppx-multiversx/src/client/Charge.ts": {"path":"/Users/robertsasu/RustProjects/agentic-payments/mppx-multiversx/src/client/Charge.ts","statementMap":{"0":{"start":{"line":24,"column":49},"end":{"line":24,"column":null}},"1":{"start":{"line":26,"column":2},"end":{"line":56,"column":null}},"2":{"start":{"line":32,"column":21},"end":{"line":32,"column":null}},"3":{"start":{"line":33,"column":21},"end":{"line":33,"column":null}},"4":{"start":{"line":34,"column":23},"end":{"line":34,"column":null}},"5":{"start":{"line":35,"column":22},"end":{"line":35,"column":null}},"6":{"start":{"line":36,"column":24},"end":{"line":36,"column":null}},"7":{"start":{"line":38,"column":18},"end":{"line":45,"column":8}},"8":{"start":{"line":47,"column":6},"end":{"line":54,"column":null}}},"fnMap":{"0":{"name":"charge","decl":{"start":{"line":23,"column":16},"end":{"line":23,"column":23}},"loc":{"start":{"line":23,"column":54},"end":{"line":56,"column":null}},"line":23},"1":{"name":"(anonymous_1)","decl":{"start":{"line":31,"column":10},"end":{"line":31,"column":27}},"loc":{"start":{"line":31,"column":51},"end":{"line":54,"column":null}},"line":31}},"branchMap":{"0":{"loc":{"start":{"line":52,"column":14},"end":{"line":52,"column":null}},"type":"cond-expr","locations":[{"start":{"line":52,"column":27},"end":{"line":52,"column":41}},{"start":{"line":52,"column":44},"end":{"line":52,"column":null}}],"line":52}},"s":{"0":3,"1":3,"2":3,"3":3,"4":3,"5":3,"6":3,"7":3,"8":3},"f":{"0":3,"1":3},"b":{"0":[1,2]},"meta":{"lastBranch":1,"lastFunction":2,"lastStatement":9,"seen":{"f:23:16:23:23":0,"s:24:49:24:Infinity":0,"s:26:2:56:Infinity":1,"f:31:10:31:27":1,"s:32:21:32:Infinity":2,"s:33:21:33:Infinity":3,"s:34:23:34:Infinity":4,"s:35:22:35:Infinity":5,"s:36:24:36:Infinity":6,"s:38:18:45:8":7,"s:47:6:54:Infinity":8,"b:52:27:52:41:52:44:52:Infinity":0}}}
,"/Users/robertsasu/RustProjects/agentic-payments/mppx-multiversx/src/client/Session.ts": {"path":"/Users/robertsasu/RustProjects/agentic-payments/mppx-multiversx/src/client/Session.ts","statementMap":{"0":{"start":{"line":5,"column":49},"end":{"line":5,"column":null}},"1":{"start":{"line":7,"column":2},"end":{"line":39,"column":null}},"2":{"start":{"line":13,"column":21},"end":{"line":13,"column":null}},"3":{"start":{"line":14,"column":21},"end":{"line":14,"column":null}},"4":{"start":{"line":15,"column":23},"end":{"line":15,"column":null}},"5":{"start":{"line":16,"column":23},"end":{"line":16,"column":null}},"6":{"start":{"line":17,"column":22},"end":{"line":17,"column":null}},"7":{"start":{"line":18,"column":24},"end":{"line":18,"column":null}},"8":{"start":{"line":20,"column":18},"end":{"line":28,"column":8}},"9":{"start":{"line":30,"column":6},"end":{"line":37,"column":null}}},"fnMap":{"0":{"name":"session","decl":{"start":{"line":4,"column":16},"end":{"line":4,"column":24}},"loc":{"start":{"line":4,"column":56},"end":{"line":39,"column":null}},"line":4},"1":{"name":"(anonymous_1)","decl":{"start":{"line":12,"column":10},"end":{"line":12,"column":27}},"loc":{"start":{"line":12,"column":51},"end":{"line":37,"column":null}},"line":12}},"branchMap":{"0":{"loc":{"start":{"line":35,"column":14},"end":{"line":35,"column":null}},"type":"cond-expr","locations":[{"start":{"line":35,"column":27},"end":{"line":35,"column":41}},{"start":{"line":35,"column":44},"end":{"line":35,"column":null}}],"line":35}},"s":{"0":2,"1":2,"2":2,"3":2,"4":2,"5":2,"6":2,"7":2,"8":2,"9":2},"f":{"0":2,"1":2},"b":{"0":[1,1]},"meta":{"lastBranch":1,"lastFunction":2,"lastStatement":10,"seen":{"f:4:16:4:24":0,"s:5:49:5:Infinity":0,"s:7:2:39:Infinity":1,"f:12:10:12:27":1,"s:13:21:13:Infinity":2,"s:14:21:14:Infinity":3,"s:15:23:15:Infinity":4,"s:16:23:16:Infinity":5,"s:17:22:17:Infinity":6,"s:18:24:18:Infinity":7,"s:20:18:28:8":8,"s:30:6:37:Infinity":9,"b:35:27:35:41:35:44:35:Infinity":0}}}
,"/Users/robertsasu/RustProjects/agentic-payments/mppx-multiversx/src/client/Subscription.ts": {"path":"/Users/robertsasu/RustProjects/agentic-payments/mppx-multiversx/src/client/Subscription.ts","statementMap":{"0":{"start":{"line":5,"column":49},"end":{"line":5,"column":null}},"1":{"start":{"line":7,"column":2},"end":{"line":39,"column":null}},"2":{"start":{"line":13,"column":21},"end":{"line":13,"column":null}},"3":{"start":{"line":14,"column":21},"end":{"line":14,"column":null}},"4":{"start":{"line":15,"column":23},"end":{"line":15,"column":null}},"5":{"start":{"line":16,"column":23},"end":{"line":16,"column":null}},"6":{"start":{"line":17,"column":22},"end":{"line":17,"column":null}},"7":{"start":{"line":18,"column":24},"end":{"line":18,"column":null}},"8":{"start":{"line":20,"column":18},"end":{"line":28,"column":8}},"9":{"start":{"line":30,"column":6},"end":{"line":37,"column":null}}},"fnMap":{"0":{"name":"subscription","decl":{"start":{"line":4,"column":16},"end":{"line":4,"column":29}},"loc":{"start":{"line":4,"column":66},"end":{"line":39,"column":null}},"line":4},"1":{"name":"(anonymous_1)","decl":{"start":{"line":12,"column":10},"end":{"line":12,"column":27}},"loc":{"start":{"line":12,"column":51},"end":{"line":37,"column":null}},"line":12}},"branchMap":{"0":{"loc":{"start":{"line":35,"column":14},"end":{"line":35,"column":null}},"type":"cond-expr","locations":[{"start":{"line":35,"column":27},"end":{"line":35,"column":41}},{"start":{"line":35,"column":44},"end":{"line":35,"column":null}}],"line":35}},"s":{"0":2,"1":2,"2":2,"3":2,"4":2,"5":2,"6":2,"7":2,"8":2,"9":2},"f":{"0":2,"1":2},"b":{"0":[1,1]},"meta":{"lastBranch":1,"lastFunction":2,"lastStatement":10,"seen":{"f:4:16:4:29":0,"s:5:49:5:Infinity":0,"s:7:2:39:Infinity":1,"f:12:10:12:27":1,"s:13:21:13:Infinity":2,"s:14:21:14:Infinity":3,"s:15:23:15:Infinity":4,"s:16:23:16:Infinity":5,"s:17:22:17:Infinity":6,"s:18:24:18:Infinity":7,"s:20:18:28:8":8,"s:30:6:37:Infinity":9,"b:35:27:35:41:35:44:35:Infinity":0}}}
,"/Users/robertsasu/RustProjects/agentic-payments/mppx-multiversx/src/server/Charge.ts": {"path":"/Users/robertsasu/RustProjects/agentic-payments/mppx-multiversx/src/server/Charge.ts","statementMap":{"0":{"start":{"line":27,"column":4},"end":{"line":27,"column":null}},"1":{"start":{"line":30,"column":2},"end":{"line":76,"column":null}},"2":{"start":{"line":42,"column":28},"end":{"line":42,"column":null}},"3":{"start":{"line":43,"column":21},"end":{"line":43,"column":91}},"4":{"start":{"line":44,"column":6},"end":{"line":44,"column":null}},"5":{"start":{"line":44,"column":27},"end":{"line":44,"column":null}},"6":{"start":{"line":45,"column":67},"end":{"line":45,"column":null}},"7":{"start":{"line":51,"column":21},"end":{"line":60,"column":8}},"8":{"start":{"line":62,"column":6},"end":{"line":65,"column":null}},"9":{"start":{"line":63,"column":8},"end":{"line":65,"column":null}},"10":{"start":{"line":68,"column":6},"end":{"line":74,"column":null}}},"fnMap":{"0":{"name":"charge","decl":{"start":{"line":25,"column":16},"end":{"line":25,"column":67}},"loc":{"start":{"line":25,"column":91},"end":{"line":76,"column":null}},"line":25},"1":{"name":"(anonymous_1)","decl":{"start":{"line":41,"column":10},"end":{"line":41,"column":17}},"loc":{"start":{"line":41,"column":33},"end":{"line":74,"column":null}},"line":41}},"branchMap":{"0":{"loc":{"start":{"line":44,"column":6},"end":{"line":44,"column":null}},"type":"if","locations":[{"start":{"line":44,"column":6},"end":{"line":44,"column":null}},{"start":{},"end":{}}],"line":44},"1":{"loc":{"start":{"line":62,"column":6},"end":{"line":65,"column":null}},"type":"if","locations":[{"start":{"line":62,"column":6},"end":{"line":65,"column":null}},{"start":{},"end":{}}],"line":62},"2":{"loc":{"start":{"line":64,"column":18},"end":{"line":64,"column":null}},"type":"binary-expr","locations":[{"start":{"line":64,"column":18},"end":{"line":64,"column":34}},{"start":{"line":64,"column":34},"end":{"line":64,"column":null}}],"line":64},"3":{"loc":{"start":{"line":73,"column":12},"end":{"line":73,"column":null}},"type":"cond-expr","locations":[{"start":{"line":73,"column":35},"end":{"line":73,"column":71}},{"start":{"line":73,"column":74},"end":{"line":73,"column":null}}],"line":73}},"s":{"0":5,"1":5,"2":5,"3":5,"4":5,"5":1,"6":4,"7":4,"8":4,"9":2,"10":2},"f":{"0":5,"1":5},"b":{"0":[1,4],"1":[2,2],"2":[2,0],"3":[1,1]},"meta":{"lastBranch":4,"lastFunction":2,"lastStatement":11,"seen":{"f:25:16:25:67":0,"s:27:4:27:Infinity":0,"s:30:2:76:Infinity":1,"f:41:10:41:17":1,"s:42:28:42:Infinity":2,"s:43:21:43:91":3,"b:44:6:44:Infinity:undefined:undefined:undefined:undefined":0,"s:44:6:44:Infinity":4,"s:44:27:44:Infinity":5,"s:45:67:45:Infinity":6,"s:51:21:60:8":7,"b:62:6:65:Infinity:undefined:undefined:undefined:undefined":1,"s:62:6:65:Infinity":8,"s:63:8:65:Infinity":9,"b:64:18:64:34:64:34:64:Infinity":2,"s:68:6:74:Infinity":10,"b:73:35:73:71:73:74:73:Infinity":3}}}
,"/Users/robertsasu/RustProjects/agentic-payments/mppx-multiversx/src/server/Session.ts": {"path":"/Users/robertsasu/RustProjects/agentic-payments/mppx-multiversx/src/server/Session.ts","statementMap":{"0":{"start":{"line":6,"column":4},"end":{"line":6,"column":null}},"1":{"start":{"line":9,"column":2},"end":{"line":57,"column":null}},"2":{"start":{"line":22,"column":28},"end":{"line":22,"column":null}},"3":{"start":{"line":23,"column":21},"end":{"line":23,"column":92}},"4":{"start":{"line":24,"column":6},"end":{"line":24,"column":null}},"5":{"start":{"line":24,"column":27},"end":{"line":24,"column":null}},"6":{"start":{"line":25,"column":67},"end":{"line":25,"column":null}},"7":{"start":{"line":31,"column":21},"end":{"line":41,"column":8}},"8":{"start":{"line":43,"column":6},"end":{"line":46,"column":null}},"9":{"start":{"line":44,"column":8},"end":{"line":46,"column":null}},"10":{"start":{"line":49,"column":6},"end":{"line":55,"column":null}}},"fnMap":{"0":{"name":"session","decl":{"start":{"line":4,"column":16},"end":{"line":4,"column":69}},"loc":{"start":{"line":4,"column":93},"end":{"line":57,"column":null}},"line":4},"1":{"name":"(anonymous_1)","decl":{"start":{"line":21,"column":10},"end":{"line":21,"column":17}},"loc":{"start":{"line":21,"column":33},"end":{"line":55,"column":null}},"line":21}},"branchMap":{"0":{"loc":{"start":{"line":24,"column":6},"end":{"line":24,"column":null}},"type":"if","locations":[{"start":{"line":24,"column":6},"end":{"line":24,"column":null}},{"start":{},"end":{}}],"line":24},"1":{"loc":{"start":{"line":43,"column":6},"end":{"line":46,"column":null}},"type":"if","locations":[{"start":{"line":43,"column":6},"end":{"line":46,"column":null}},{"start":{},"end":{}}],"line":43},"2":{"loc":{"start":{"line":45,"column":18},"end":{"line":45,"column":null}},"type":"binary-expr","locations":[{"start":{"line":45,"column":18},"end":{"line":45,"column":34}},{"start":{"line":45,"column":34},"end":{"line":45,"column":null}}],"line":45},"3":{"loc":{"start":{"line":54,"column":12},"end":{"line":54,"column":null}},"type":"cond-expr","locations":[{"start":{"line":54,"column":35},"end":{"line":54,"column":71}},{"start":{"line":54,"column":74},"end":{"line":54,"column":null}}],"line":54}},"s":{"0":3,"1":3,"2":3,"3":3,"4":3,"5":0,"6":3,"7":3,"8":3,"9":2,"10":1},"f":{"0":3,"1":3},"b":{"0":[0,3],"1":[2,1],"2":[2,0],"3":[0,1]},"meta":{"lastBranch":4,"lastFunction":2,"lastStatement":11,"seen":{"f:4:16:4:69":0,"s:6:4:6:Infinity":0,"s:9:2:57:Infinity":1,"f:21:10:21:17":1,"s:22:28:22:Infinity":2,"s:23:21:23:92":3,"b:24:6:24:Infinity:undefined:undefined:undefined:undefined":0,"s:24:6:24:Infinity":4,"s:24:27:24:Infinity":5,"s:25:67:25:Infinity":6,"s:31:21:41:8":7,"b:43:6:46:Infinity:undefined:undefined:undefined:undefined":1,"s:43:6:46:Infinity":8,"s:44:8:46:Infinity":9,"b:45:18:45:34:45:34:45:Infinity":2,"s:49:6:55:Infinity":10,"b:54:35:54:71:54:74:54:Infinity":3}}}
,"/Users/robertsasu/RustProjects/agentic-payments/mppx-multiversx/src/server/Subscription.ts": {"path":"/Users/robertsasu/RustProjects/agentic-payments/mppx-multiversx/src/server/Subscription.ts","statementMap":{"0":{"start":{"line":6,"column":4},"end":{"line":6,"column":null}},"1":{"start":{"line":9,"column":2},"end":{"line":57,"column":null}},"2":{"start":{"line":22,"column":28},"end":{"line":22,"column":null}},"3":{"start":{"line":23,"column":21},"end":{"line":23,"column":97}},"4":{"start":{"line":24,"column":6},"end":{"line":24,"column":null}},"5":{"start":{"line":24,"column":27},"end":{"line":24,"column":null}},"6":{"start":{"line":25,"column":67},"end":{"line":25,"column":null}},"7":{"start":{"line":31,"column":21},"end":{"line":41,"column":8}},"8":{"start":{"line":43,"column":6},"end":{"line":46,"column":null}},"9":{"start":{"line":44,"column":8},"end":{"line":46,"column":null}},"10":{"start":{"line":49,"column":6},"end":{"line":55,"column":null}}},"fnMap":{"0":{"name":"subscription","decl":{"start":{"line":4,"column":16},"end":{"line":4,"column":79}},"loc":{"start":{"line":4,"column":103},"end":{"line":57,"column":null}},"line":4},"1":{"name":"(anonymous_1)","decl":{"start":{"line":21,"column":10},"end":{"line":21,"column":17}},"loc":{"start":{"line":21,"column":33},"end":{"line":55,"column":null}},"line":21}},"branchMap":{"0":{"loc":{"start":{"line":24,"column":6},"end":{"line":24,"column":null}},"type":"if","locations":[{"start":{"line":24,"column":6},"end":{"line":24,"column":null}},{"start":{},"end":{}}],"line":24},"1":{"loc":{"start":{"line":43,"column":6},"end":{"line":46,"column":null}},"type":"if","locations":[{"start":{"line":43,"column":6},"end":{"line":46,"column":null}},{"start":{},"end":{}}],"line":43},"2":{"loc":{"start":{"line":45,"column":18},"end":{"line":45,"column":null}},"type":"binary-expr","locations":[{"start":{"line":45,"column":18},"end":{"line":45,"column":34}},{"start":{"line":45,"column":34},"end":{"line":45,"column":null}}],"line":45},"3":{"loc":{"start":{"line":54,"column":12},"end":{"line":54,"column":null}},"type":"cond-expr","locations":[{"start":{"line":54,"column":35},"end":{"line":54,"column":71}},{"start":{"line":54,"column":74},"end":{"line":54,"column":null}}],"line":54}},"s":{"0":3,"1":3,"2":3,"3":3,"4":3,"5":0,"6":3,"7":3,"8":3,"9":2,"10":1},"f":{"0":3,"1":3},"b":{"0":[0,3],"1":[2,1],"2":[2,0],"3":[0,1]},"meta":{"lastBranch":4,"lastFunction":2,"lastStatement":11,"seen":{"f:4:16:4:79":0,"s:6:4:6:Infinity":0,"s:9:2:57:Infinity":1,"f:21:10:21:17":1,"s:22:28:22:Infinity":2,"s:23:21:23:97":3,"b:24:6:24:Infinity:undefined:undefined:undefined:undefined":0,"s:24:6:24:Infinity":4,"s:24:27:24:Infinity":5,"s:25:67:25:Infinity":6,"s:31:21:41:8":7,"b:43:6:46:Infinity:undefined:undefined:undefined:undefined":1,"s:43:6:46:Infinity":8,"s:44:8:46:Infinity":9,"b:45:18:45:34:45:34:45:Infinity":2,"s:49:6:55:Infinity":10,"b:54:35:54:71:54:74:54:Infinity":3}}}
}
